# JRE version: OpenJDK Runtime Environment (8.0_212-b04) (build 1.8.0_212-release-1586-b04)
# Java VM: OpenJDK 64-Bit Server VM (25.212-b04 mixed mode windows-amd64 compressed oops)
Heap:
 PSYoungGen      total 82944K, used 53008K [0x00000000e0000000, 0x00000000e6e80000, 0x0000000100000000)
  eden space 62976K, 84% used [0x00000000e0000000,0x00000000e33c4260,0x00000000e3d80000)
  from space 19968K, 0% used [0x00000000e3d80000,0x00000000e3d80000,0x00000000e5100000)
  to   space 19456K, 0% used [0x00000000e5b80000,0x00000000e5b80000,0x00000000e6e80000)
 ParOldGen       total 120320K, used 50116K [0x00000000a0000000, 0x00000000a7580000, 0x00000000e0000000)
  object space 120320K, 41% used [0x00000000a0000000,0x00000000a30f1078,0x00000000a7580000)
 Metaspace       used 56856K, capacity 61042K, committed 61312K, reserved 1101824K
  class space    used 7746K, capacity 8968K, committed 9088K, reserved 1048576K
GC Heap History (10 events):
Event: 106.373 GC heap before
{Heap before GC invocations=20 (full 2):
 PSYoungGen      total 61440K, used 61421K [0x00000000e0000000, 0x00000000e5000000, 0x0000000100000000)
  eden space 53248K, 100% used [0x00000000e0000000,0x00000000e3400000,0x00000000e3400000)
  from space 8192K, 99% used [0x00000000e3400000,0x00000000e3bfb7d0,0x00000000e3c00000)
  to   space 10752K, 0% used [0x00000000e4580000,0x00000000e4580000,0x00000000e5000000)
 ParOldGen       total 64000K, used 22287K [0x00000000a0000000, 0x00000000a3e80000, 0x00000000e0000000)
  object space 64000K, 34% used [0x00000000a0000000,0x00000000a15c3d08,0x00000000a3e80000)
 Metaspace       used 47073K, capacity 48410K, committed 48512K, reserved 1091584K
  class space    used 6354K, capacity 6715K, committed 6784K, reserved 1048576K
Event: 106.444 GC heap after
Heap after GC invocations=20 (full 2):
 PSYoungGen      total 70144K, used 9661K [0x00000000e0000000, 0x00000000e5380000, 0x0000000100000000)
  eden space 59392K, 0% used [0x00000000e0000000,0x00000000e0000000,0x00000000e3a00000)
  from space 10752K, 89% used [0x00000000e4580000,0x00000000e4eef600,0x00000000e5000000)
  to   space 11776K, 0% used [0x00000000e3a00000,0x00000000e3a00000,0x00000000e4580000)
 ParOldGen       total 64000K, used 25493K [0x00000000a0000000, 0x00000000a3e80000, 0x00000000e0000000)
  object space 64000K, 39% used [0x00000000a0000000,0x00000000a18e5588,0x00000000a3e80000)
 Metaspace       used 47073K, capacity 48410K, committed 48512K, reserved 1091584K
  class space    used 6354K, capacity 6715K, committed 6784K, reserved 1048576K
}
Event: 110.836 GC heap before
{Heap before GC invocations=21 (full 2):
 PSYoungGen      total 70144K, used 69053K [0x00000000e0000000, 0x00000000e5380000, 0x0000000100000000)
  eden space 59392K, 100% used [0x00000000e0000000,0x00000000e3a00000,0x00000000e3a00000)
  from space 10752K, 89% used [0x00000000e4580000,0x00000000e4eef600,0x00000000e5000000)
  to   space 11776K, 0% used [0x00000000e3a00000,0x00000000e3a00000,0x00000000e4580000)
 ParOldGen       total 64000K, used 25493K [0x00000000a0000000, 0x00000000a3e80000, 0x00000000e0000000)
  object space 64000K, 39% used [0x00000000a0000000,0x00000000a18e5588,0x00000000a3e80000)
 Metaspace       used 52925K, capacity 54570K, committed 54784K, reserved 1095680K
  class space    used 7177K, capacity 7581K, committed 7680K, reserved 1048576K
Event: 110.870 GC heap after
Heap after GC invocations=21 (full 2):
 PSYoungGen      total 71168K, used 11758K [0x00000000e0000000, 0x00000000e5f00000, 0x0000000100000000)
  eden space 59392K, 0% used [0x00000000e0000000,0x00000000e0000000,0x00000000e3a00000)
  from space 11776K, 99% used [0x00000000e3a00000,0x00000000e457bbd8,0x00000000e4580000)
  to   space 14336K, 0% used [0x00000000e5100000,0x00000000e5100000,0x00000000e5f00000)
 ParOldGen       total 64000K, used 28188K [0x00000000a0000000, 0x00000000a3e80000, 0x00000000e0000000)
  object space 64000K, 44% used [0x00000000a0000000,0x00000000a1b87118,0x00000000a3e80000)
 Metaspace       used 52925K, capacity 54570K, committed 54784K, reserved 1095680K
  class space    used 7177K, capacity 7581K, committed 7680K, reserved 1048576K
}
Event: 118.677 GC heap before
{Heap before GC invocations=22 (full 2):
 PSYoungGen      total 71168K, used 71150K [0x00000000e0000000, 0x00000000e5f00000, 0x0000000100000000)
  eden space 59392K, 100% used [0x00000000e0000000,0x00000000e3a00000,0x00000000e3a00000)
  from space 11776K, 99% used [0x00000000e3a00000,0x00000000e457bbd8,0x00000000e4580000)
  to   space 14336K, 0% used [0x00000000e5100000,0x00000000e5100000,0x00000000e5f00000)
 ParOldGen       total 64000K, used 28188K [0x00000000a0000000, 0x00000000a3e80000, 0x00000000e0000000)
  object space 64000K, 44% used [0x00000000a0000000,0x00000000a1b87118,0x00000000a3e80000)
 Metaspace       used 54751K, capacity 57900K, committed 57984K, reserved 1099776K
  class space    used 7410K, capacity 8294K, committed 8320K, reserved 1048576K
Event: 118.750 GC heap after
Heap after GC invocations=22 (full 2):
 PSYoungGen      total 77312K, used 14320K [0x00000000e0000000, 0x00000000e6a00000, 0x0000000100000000)
  eden space 62976K, 0% used [0x00000000e0000000,0x00000000e0000000,0x00000000e3d80000)
  from space 14336K, 99% used [0x00000000e5100000,0x00000000e5efc020,0x00000000e5f00000)
  to   space 19968K, 0% used [0x00000000e3d80000,0x00000000e3d80000,0x00000000e5100000)
 ParOldGen       total 64000K, used 38491K [0x00000000a0000000, 0x00000000a3e80000, 0x00000000e0000000)
  object space 64000K, 60% used [0x00000000a0000000,0x00000000a2596f70,0x00000000a3e80000)
 Metaspace       used 54751K, capacity 57900K, committed 57984K, reserved 1099776K
  class space    used 7410K, capacity 8294K, committed 8320K, reserved 1048576K
}
Event: 122.970 GC heap before
{Heap before GC invocations=23 (full 2):
 PSYoungGen      total 77312K, used 39264K [0x00000000e0000000, 0x00000000e6a00000, 0x0000000100000000)
  eden space 62976K, 39% used [0x00000000e0000000,0x00000000e185c0e8,0x00000000e3d80000)
  from space 14336K, 99% used [0x00000000e5100000,0x00000000e5efc020,0x00000000e5f00000)
  to   space 19968K, 0% used [0x00000000e3d80000,0x00000000e3d80000,0x00000000e5100000)
 ParOldGen       total 64000K, used 38491K [0x00000000a0000000, 0x00000000a3e80000, 0x00000000e0000000)
  object space 64000K, 60% used [0x00000000a0000000,0x00000000a2596f70,0x00000000a3e80000)
 Metaspace       used 55330K, capacity 59076K, committed 59160K, reserved 1099776K
  class space    used 7501K, capacity 8562K, committed 8576K, reserved 1048576K
Event: 123.057 GC heap after
Heap after GC invocations=23 (full 2):
 PSYoungGen      total 82944K, used 6720K [0x00000000e0000000, 0x00000000e6e80000, 0x0000000100000000)
  eden space 62976K, 0% used [0x00000000e0000000,0x00000000e0000000,0x00000000e3d80000)
  from space 19968K, 33% used [0x00000000e3d80000,0x00000000e4410010,0x00000000e5100000)
  to   space 19456K, 0% used [0x00000000e5b80000,0x00000000e5b80000,0x00000000e6e80000)
 ParOldGen       total 64000K, used 52887K [0x00000000a0000000, 0x00000000a3e80000, 0x00000000e0000000)
  object space 64000K, 82% used [0x00000000a0000000,0x00000000a33a5ff0,0x00000000a3e80000)
 Metaspace       used 55330K, capacity 59076K, committed 59160K, reserved 1099776K
  class space    used 7501K, capacity 8562K, committed 8576K, reserved 1048576K
}
Event: 123.057 GC heap before
{Heap before GC invocations=24 (full 3):
 PSYoungGen      total 82944K, used 6720K [0x00000000e0000000, 0x00000000e6e80000, 0x0000000100000000)
  eden space 62976K, 0% used [0x00000000e0000000,0x00000000e0000000,0x00000000e3d80000)
  from space 19968K, 33% used [0x00000000e3d80000,0x00000000e4410010,0x00000000e5100000)
  to   space 19456K, 0% used [0x00000000e5b80000,0x00000000e5b80000,0x00000000e6e80000)
 ParOldGen       total 64000K, used 52887K [0x00000000a0000000, 0x00000000a3e80000, 0x00000000e0000000)
  object space 64000K, 82% used [0x00000000a0000000,0x00000000a33a5ff0,0x00000000a3e80000)
 Metaspace       used 55330K, capacity 59076K, committed 59160K, reserved 1099776K
  class space    used 7501K, capacity 8562K, committed 8576K, reserved 1048576K
Event: 123.903 GC heap after
Heap after GC invocations=24 (full 3):
 PSYoungGen      total 82944K, used 0K [0x00000000e0000000, 0x00000000e6e80000, 0x0000000100000000)
  eden space 62976K, 0% used [0x00000000e0000000,0x00000000e0000000,0x00000000e3d80000)
  from space 19968K, 0% used [0x00000000e3d80000,0x00000000e3d80000,0x00000000e5100000)
  to   space 19456K, 0% used [0x00000000e5b80000,0x00000000e5b80000,0x00000000e6e80000)
 ParOldGen       total 120320K, used 50116K [0x00000000a0000000, 0x00000000a7580000, 0x00000000e0000000)
  object space 120320K, 41% used [0x00000000a0000000,0x00000000a30f1078,0x00000000a7580000)
 Metaspace       used 55317K, capacity 59034K, committed 59160K, reserved 1099776K
  class space    used 7497K, capacity 8555K, committed 8576K, reserved 1048576K
}

